Build started 11/29/2014 5:28:01 PM.
     1>Project "C:\stacktracer\stacktracer\stinit\stinit.vcxproj" on node 2 (Build target(s)).
     1>ClCompile:
         C:\Program Files (x86)\Microsoft Visual Studio 11.0\VC\bin\CL.exe /c /ZI /nologo /W3 /WX- /sdl /Od /Oy- /D WIN32 /D _DEBUG /D _WINDOWS /D _USRDLL /D STINIT_EXPORTS /D _WINDLL /D _UNICODE /D UNICODE /Gm /EHsc /RTC1 /MT /GS /fp:precise /Zc:wchar_t /Zc:forScope /Yc"stdafx.h" /Fp"Debug\stinit.pch" /Fo"Debug\\" /Fd"Debug\vc110.pdb" /Gd /TP /analyze- /errorReport:prompt stdafx.cpp
         stdafx.cpp
         C:\Program Files (x86)\Microsoft Visual Studio 11.0\VC\bin\CL.exe /c /ZI /nologo /W3 /WX- /sdl /Od /Oy- /D WIN32 /D _DEBUG /D _WINDOWS /D _USRDLL /D STINIT_EXPORTS /D _WINDLL /D _UNICODE /D UNICODE /Gm /EHsc /RTC1 /MT /GS /fp:precise /Zc:wchar_t /Zc:forScope /Fo"Debug\\" /Fd"Debug\vc110.pdb" /Gd /TP /analyze- /errorReport:prompt dllmain.cpp
         dllmain.cpp
     1>c:\stacktracer\stacktracer\stinit\dllmain.cpp(47): warning C4800: 'BOOL' : forcing value to bool 'true' or 'false' (performance warning)
     1>c:\stacktracer\stacktracer\stinit\dllmain.cpp(26): warning C4101: 'sm_hCustomActionThreadToken' : unreferenced local variable
         C:\Program Files (x86)\Microsoft Visual Studio 11.0\VC\bin\CL.exe /c /ZI /nologo /W3 /WX- /sdl /Od /Oy- /D WIN32 /D _DEBUG /D _WINDOWS /D _USRDLL /D STINIT_EXPORTS /D _WINDLL /D _UNICODE /D UNICODE /Gm /EHsc /RTC1 /MT /GS /fp:precise /Zc:wchar_t /Zc:forScope /Yu"stdafx.h" /Fp"Debug\stinit.pch" /Fo"Debug\\" /Fd"Debug\vc110.pdb" /Gd /TP /analyze- /errorReport:prompt stinit.cpp
         stinit.cpp
     1>c:\stacktracer\stacktracer\stinit\stinit.cpp(24): warning C4800: 'BOOL' : forcing value to bool 'true' or 'false' (performance warning)
       Link:
         C:\Program Files (x86)\Microsoft Visual Studio 11.0\VC\bin\link.exe /ERRORREPORT:PROMPT /OUT:"C:\stacktracer\stacktracer\stinit\Debug\stinit.dll" /INCREMENTAL /NOLOGO kernel32.lib user32.lib gdi32.lib winspool.lib comdlg32.lib advapi32.lib shell32.lib ole32.lib oleaut32.lib uuid.lib odbc32.lib odbccp32.lib /MANIFEST /MANIFESTUAC:"level='asInvoker' uiAccess='false'" /manifest:embed /DEBUG /PDB:"C:\stacktracer\stacktracer\stinit\Debug\stinit.pdb" /SUBSYSTEM:WINDOWS /TLBID:1 /DYNAMICBASE /NXCOMPAT /IMPLIB:"C:\stacktracer\stacktracer\stinit\Debug\stinit.lib" /MACHINE:X86 /DLL Debug\dllmain.obj
         Debug\stdafx.obj
         Debug\stinit.obj
            Creating library C:\stacktracer\stacktracer\stinit\Debug\stinit.lib and object C:\stacktracer\stacktracer\stinit\Debug\stinit.exp
         stinit.vcxproj -> C:\stacktracer\stacktracer\stinit\Debug\stinit.dll
     1>Done Building Project "C:\stacktracer\stacktracer\stinit\stinit.vcxproj" (Build target(s)).

Build succeeded.

Time Elapsed 00:00:10.39
